7-7-6-5: 78038990625024
8-6-6-5: 58529242968768
8-7-5-5: 43896932226576
7-6-6-6: 34683995833344
8-7-6-4: 65083022484480
9-6-5-5: 24387184570320
8-8-5-4: 18290388427740
9-6-6-4: 18064581163200
7-7-7-4: 14451664930560
9-7-5-4: 27134769467520
8-7-7-3: 13006498437504
8-8-6-3: 9754873828128
9-7-6-3: 14471877049344
9-8-4-4: 5645181613500
10-6-5-4: 10876646420640
9-8-5-3: 8140430840256
10-7-4-4: 3010763527200
10-6-6-3: 2890332986112
8-8-7-2: 2660420134944
10-5-5-5: 2438718457032
10-7-5-3: 4350658568256
9-7-7-2: 1970681581440
9-8-6-2: 2960156669184
9-9-4-3: 1254484803000
11-5-5-4: 1108508389560
10-8-4-3: 1812774403440
11-6-4-4: 821117325600
10-7-6-2: 1582057661184
11-6-5-3: 1197568037952
9-9-5-2: 615837994200
10-8-5-2: 889907434416
11-7-4-3: 665315576640
9-8-7-1: 493359444864
11-6-6-2: 214983445248
10-9-3-3: 200717568480
11-7-5-2: 326609464896
10-9-4-2: 274662788400
9-9-6-1: 136852887600
10-7-7-1: 131378772096
8-8-8-1: 110850838956
12-5-4-4: 102639665700
10-8-6-1: 197757207648
11-8-3-3: 98534079072
12-5-5-3: 73900559304
11-8-4-2: 136087277040
12-6-4-3: 117904026240
10-9-5-1: 82398836520
11-7-6-1: 72579881088
12-6-5-2: 57880158336
12-7-3-3: 21896462016
10-10-3-2: 21896462016
11-8-5-1: 40826183112
12-7-4-2: 32155643520
11-9-3-2: 30241617120
9-8-8-0: 41913324
9-9-7-0: 10527145200
10-10-4-1: 9123525840
10-8-7-0: 15212092896
11-9-4-1: 12600673800
13-5-4-3: 12632574240
12-6-6-1: 5971762368
12-8-3-2: 9646693056
12-7-5-1: 9646693056
10-9-6-0: 8451162720
11-7-7-0: 38505192
13-6-4-2: 4593663360
11-8-6-0: 4187300832
12-8-4-1: 4019455440
13-6-3-3: 1684343232
11-10-2-2: 1628662464
13-5-5-2: 1550361384
13-4-4-4: 1462103500
10-10-5-0: 1263257424
11-10-3-1: 2016107808
11-9-5-0: 1744708680
13-7-3-2: 1837465344
13-6-5-1: 1378099008
12-9-2-2: 678609360
12-7-6-0: 989404416
12-9-3-1: 893212320
13-7-4-1: 765610560
12-8-5-0: 556539984
11-10-4-0: 387713040
13-8-3-1: 229683168
13-8-2-2: 93961296
12-9-4-0: 171771600
11-11-2-1: 74030112
13-7-5-0: 106007616
12-10-2-1: 97441344
13-6-6-0: 35335872
13-8-4-0: 44169840
11-11-3-0: 20880288
13-9-2-1: 34800480
12-10-3-0: 27483456
13-9-3-0: 9815520
12-11-1-1: 2056392
12-11-2-0: 2044224
13-10-1-1: 580008
13-10-2-0: 1070784
12-12-1-0: 26364
13-11-1-0: 48672
13-12-0-0: 312
