7-7-6-5   78,038,990,625,024  1,645,719,651,576  1772.83
7-6-6-6   34,683,995,833,344    732,283,439,888   678.53
8-7-6-4   65,032,492,187,520  1,370,634,305,040  1805.59
8-6-6-5   58,529,242,968,768  1,234,289,738,682  1329.40
8-7-5-5   43,896,932,226,576    925,897,020,048  1006.01
9-7-5-4   27,096,871,744,800    571,097,627,100   752.06
9-6-5-5   24,387,184,570,320    514,387,233,360   559.89
8-8-5-4   18,290,388,427,740    385,790,425,020   414.36
9-6-6-4   18,064,581,163,200    384,464,716,350   416.55
7-7-7-4   14,451,664,930,560    307,930,248,340   287.06
9-7-6-3   14,451,664,930,560    304,585,401,120   396.37
8-7-7-3   13,006,498,437,504    274,286,608,596   303.48
10-6-5-4  10,838,748,697,920    228,439,050,840   300.87
8-8-6-3    9,754,873,828,128    205,754,893,344   225.20
9-8-5-3    8,129,061,523,440    171,329,288,130   222.85
9-8-4-4    5,645,181,613,500    119,145,076,050   130.41
10-7-5-3   4,335,499,479,168     91,375,620,336   118.81
10-7-4-4   3,010,763,527,200     63,544,040,560    69.58
9-8-6-2    2,956,022,372,160     62,301,559,320    81.86
10-6-6-3   2,890,332,986,112     61,514,354,616    68.22
8-8-7-2    2,660,420,134,944     56,114,970,912    64.52
9-7-7-2    1,970,681,581,440     41,941,605,420    50.97
10-8-4-3   1,806,458,116,320     38,073,175,140    49.70
10-7-6-2   1,576,545,265,152     33,227,498,304    43.75
9-9-4-3    1,254,484,803,000     26,720,708,300    29.19
11-6-5-3   1,182,408,948,864     24,920,623,728    32.43
11-5-5-4   1,108,508,389,560     23,596,733,160    25.92
10-8-5-2     886,806,711,648     18,690,467,796    24.40
11-6-4-4     821,117,325,600     17,330,192,880    19.04
11-7-4-3     656,893,860,480     13,844,790,960    18.28
9-9-5-2      615,837,994,200     12,997,644,660    14.97
9-8-7-1      492,670,395,360     10,383,593,220    13.56
11-7-5-2     322,475,167,872      6,796,533,744     8.91
10-9-4-2     273,705,775,200      5,821,830,300     7.66
11-6-6-2     214,983,445,248      4,826,157,336     5.88
10-9-3-3     200,717,568,480      4,284,269,990     4.85
10-8-6-1     197,068,158,144      4,153,437,288     5.44
9-9-6-1      136,852,887,600      2,888,365,480     3.66
11-8-4-2     134,364,653,280      2,831,889,060     3.74
10-7-7-1     131,378,772,096      2,796,107,028     3.10
8-8-8-1      110,850,838,956      2,492,838,348     3.10
12-6-4-3     109,482,310,080      2,307,465,160     3.05
12-5-4-4     102,639,665,700      2,166,274,110     2.37
11-8-3-3      98,534,079,072      2,083,979,898     2.35
10-9-5-1      82,111,732,560      1,730,598,870     2.26
12-5-5-3      73,900,559,304      1,573,115,544     1.81
11-7-6-1      71,661,148,416      1,510,340,832     1.98
9-9-7-0       10,527,128,064        222,181,960     0.24
12-6-5-2      53,745,861,312      1,132,755,624     1.48
11-8-5-1      40,309,395,984        849,566,718     1.12
11-9-3-2      29,858,811,840        635,108,760     0.83
12-7-4-2      29,858,811,840        629,308,680     0.83
10-10-3-2     21,896,462,016        467,374,908     0.54
12-7-3-3      21,896,462,016        463,106,644     0.54
10-8-7-0      15,159,089,088        319,495,176     0.42
9-8-8-0                4,548                364     0.00
11-9-4-1      12,441,171,600        264,628,650     0.35
10-10-4-1      9,123,525,840        194,739,545     0.22
12-8-3-2       8,957,643,552        188,792,604     0.25
12-7-5-1       8,957,643,552        188,792,604     0.25
10-9-6-0       8,421,716,160        177,497,320     0.23
12-6-6-1       5,971,762,368        134,059,926     0.15
13-5-4-3       6,316,287,120        133,122,990     0.18
11-8-6-0       4,134,297,024         87,135,048     0.11
12-8-4-1       3,732,351,480         78,663,585     0.10
11-7-7-0                 564                 41     0.00
13-4-4-4       1,462,103,500         61,176,830     0.05
13-6-4-2       2,296,831,680         48,408,360     0.06
11-10-3-1      1,990,587,456         42,340,584     0.06
11-11-3-0         20,878,440            449,826     0.00
11-9-5-0       1,722,623,760         36,640,890     0.05
13-6-3-3       1,684,343,232         35,623,588     0.04
11-10-2-2      1,628,662,464         35,086,428     0.04
13-5-5-2       1,550,361,384         34,810,776     0.04
13-7-3-2         918,732,672         19,363,344     0.03
12-7-6-0         918,732,672         19,363,344     0.03
12-9-3-1         829,411,440         17,641,910     0.02
12-9-2-2         678,609,360         14,619,345     0.02
13-6-5-1         689,049,504         14,522,508     0.02
12-8-5-0         516,787,128         10,891,881     0.01
11-10-4-0        382,805,280          8,142,420     0.01
13-7-4-1         382,805,280          8,068,060     0.01
12-9-4-0         159,502,200          3,392,675     0.00
13-8-3-1         114,841,584          2,420,418     0.00
13-8-2-2          93,961,296          2,005,731     0.00
12-10-2-1         90,481,248          1,924,572     0.00
11-11-2-1         74,030,112          1,682,226     0.00
13-7-5-0          53,003,808          1,117,116     0.00
12-10-3-0         25,520,352            542,828     0.00
13-8-4-0          22,084,920            465,465     0.00
13-9-2-1          17,400,240            370,110     0.00
13-9-3-0           4,907,760            104,390     0.00
12-11-1-1          2,056,392             49,686     0.00
12-11-2-0          1,898,208             42,588     0.00
13-10-1-1            580,008             13,286     0.00
13-10-2-0            535,392             11,388     0.00
