7-7-6-5: 78038990625024
8-6-6-5: 58529242968768
8-7-5-5: 43896932226576
7-6-6-6: 34683995833344
8-7-6-4: 64981961890560
9-6-5-5: 24387184570320
8-8-5-4: 18290388427740
9-6-6-4: 18064581163200
7-7-7-4: 14451664930560
9-7-5-4: 27058974022080
8-7-7-3: 13006498437504
8-8-6-3: 9754873828128
9-7-6-3: 14431452811776
9-8-4-4: 5645181613500
10-6-5-4: 10800850975200
9-8-5-3: 8117692206624
10-7-4-4: 3010763527200
10-6-6-3: 2890332986112
8-8-7-2: 2660420134944
10-5-5-5: 2438718457032
10-7-5-3: 4320340390080
9-7-7-2: 1970681581440
9-8-6-2: 2951888075136
9-9-4-3: 1254484803000
11-5-5-4: 1108508389560
10-8-4-3: 1800141829200
11-6-4-4: 821117325600
10-7-6-2: 1571032869120
11-6-5-3: 1167249859776
9-9-5-2: 615837994200
10-8-5-2: 883705988880
11-7-4-3: 648472144320
9-8-7-1: 491981345856
11-6-6-2: 214983445248
10-9-3-3: 200717568480
11-7-5-2: 318340870848
10-9-4-2: 272748762000
9-9-6-1: 136852887600
10-7-7-1: 131378772096
8-8-8-1: 110850838956
12-5-4-4: 102639665700
10-8-6-1: 196379108640
11-8-3-3: 98534079072
12-5-5-3: 73900559304
11-8-4-2: 132642029520
12-6-4-3: 101060593920
10-9-5-1: 81824628600
11-7-6-1: 70742415744
12-6-5-2: 49611564288
12-7-3-3: 21896462016
10-10-3-2: 21896462016
11-8-5-1: 39792608856
12-7-4-2: 27561980160
11-9-3-2: 29476006560
9-8-8-0: 41913324
9-9-7-0: 10527145200
10-10-4-1: 9123525840
10-8-7-0: 15106085280
11-9-4-1: 12281669400
13-5-4-3: 6316287120
12-6-6-1: 5971762368
12-8-3-2: 8268594048
12-7-5-1: 8268594048
10-9-6-0: 8392269600
11-7-7-0: 38505192
13-6-4-2: 2296831680
11-8-6-0: 4081293216
12-8-4-1: 3445247520
13-6-3-3: 1684343232
11-10-2-2: 1628662464
13-5-5-2: 1550361384
13-4-4-4: 1462103500
10-10-5-0: 1263257424
11-10-3-1: 1965067104
11-9-5-0: 1700538840
13-7-3-2: 918732672
13-6-5-1: 689049504
12-9-2-2: 678609360
12-7-6-0: 848060928
12-9-3-1: 765610560
13-7-4-1: 382805280
12-8-5-0: 477034272
11-10-4-0: 377897520
13-8-3-1: 114841584
13-8-2-2: 93961296
12-9-4-0: 147232800
11-11-2-1: 74030112
13-7-5-0: 53003808
12-10-2-1: 83521152
13-6-6-0: 35335872
13-8-4-0: 22084920
11-11-3-0: 20880288
13-9-2-1: 17400240
12-10-3-0: 23557248
13-9-3-0: 4907760
12-11-1-1: 2056392
12-11-2-0: 1752192
13-10-1-1: 580008
13-10-2-0: 535392
12-12-1-0: 26364
13-11-1-0: 24336
13-12-0-0: 156
